<?xml version="1.0" encoding="UTF-8"?>
<!-- Generated by org.testng.reporters.JUnitReportReporter -->
<testsuite hostname="BishnuDas" name="com.shmlv3b_maven.testscript.CheckingForAllFourDeliveryTest" tests="1" failures="0" timestamp="20 Jan 2016 06:04:34 GMT" time="33.262" errors="0">
  <testcase name="checkingReceiverChooseMethod" time="33.262" classname="com.shmlv3b_maven.testscript.CheckingForAllFourDeliveryTest"/>
</testsuite> <!-- com.shmlv3b_maven.testscript.CheckingForAllFourDeliveryTest -->
