<?xml version="1.0" encoding="UTF-8"?>
<!-- Generated by org.testng.reporters.JUnitReportReporter -->
<testsuite hostname="BishnuDas" name="shmlv3b_maven.SecondTest" tests="1" failures="0" timestamp="28 Dec 2015 12:16:27 GMT" time="0.004" errors="0">
  <testcase name="secondTest" time="0.004" classname="shmlv3b_maven.SecondTest"/>
</testsuite>
